<?xml version="1.0" encoding="UTF-8"?>
<!-- Generated by org.testng.reporters.JUnitReportReporter -->
<testsuite hostname="LAPTOP-E8M4K11U" failures="0" tests="4" name="tests.Ddtest" time="9.789" errors="0" timestamp="2023-05-03T01:33:07 IST" skipped="0">
  <testcase classname="tests.Ddtest" name="testPostUser" time="4.092"/>
  <system-out/>
  <testcase classname="tests.Ddtest" name="testPostUser" time="1.946"/>
  <system-out/>
  <testcase classname="tests.Ddtest" name="testGetUser" time="1.844"/>
  <system-out/>
  <testcase classname="tests.Ddtest" name="testGetUser" time="1.907"/>
  <system-out/>
</testsuite> <!-- tests.Ddtest -->
