<?xml version="1.0" encoding="UTF-8"?>
<!-- Generated by org.testng.reporters.JUnitReportReporter -->
<testsuite hostname="LAPTOP-E8M4K11U" failures="0" tests="4" name="tests.Ddtest2" time="10.112" errors="0" timestamp="2023-05-03T01:33:34 IST" skipped="0">
  <testcase classname="tests.Ddtest2" name="testPostUser" time="4.206"/>
  <system-out/>
  <testcase classname="tests.Ddtest2" name="testPostUser" time="1.735"/>
  <system-out/>
  <testcase classname="tests.Ddtest2" name="testGetUser" time="2.025"/>
  <system-out/>
  <testcase classname="tests.Ddtest2" name="testGetUser" time="2.146"/>
  <system-out/>
</testsuite> <!-- tests.Ddtest2 -->
