<?xml version="1.0" encoding="UTF-8"?>
<!-- Generated by org.testng.reporters.JUnitReportReporter -->
<testsuite hostname="LAPTOP-E8M4K11U" failures="0" tests="4" name="tests.Usertest" time="10.272" errors="0" timestamp="2023-05-01T15:13:10 IST" skipped="0">
  <testcase classname="tests.Usertest" name="testPostUser" time="4.271"/>
  <system-out/>
  <testcase classname="tests.Usertest" name="testGetUser" time="1.576"/>
  <system-out/>
  <testcase classname="tests.Usertest" name="testUpdateUser" time="3.099"/>
  <system-out/>
  <testcase classname="tests.Usertest" name="testDeleteUser" time="1.326"/>
  <system-out/>
</testsuite> <!-- tests.Usertest -->
