<?xml version="1.0" encoding="UTF-8"?>
<!-- Generated by org.testng.reporters.JUnitReportReporter -->
<testsuite hostname="LAPTOP-E8M4K11U" failures="0" tests="4" name="tests.Usertest" time="11.958" errors="0" timestamp="2023-05-03T01:10:31 IST" skipped="0">
  <testcase classname="tests.Usertest" name="testPostUser" time="3.996"/>
  <system-out/>
  <testcase classname="tests.Usertest" name="testGetUser" time="2.145"/>
  <system-out/>
  <testcase classname="tests.Usertest" name="testUpdateUser" time="3.876"/>
  <system-out/>
  <testcase classname="tests.Usertest" name="testDeleteUser" time="1.941"/>
  <system-out/>
</testsuite> <!-- tests.Usertest -->
