<?xml version="1.0" encoding="UTF-8"?>
<!-- Generated by org.testng.reporters.JUnitReportReporter -->
<testsuite hostname="LAPTOP-E8M4K11U" failures="0" tests="2" name="tests.Ddtest" time="5.341" errors="0" timestamp="2023-05-01T23:28:51 IST" skipped="0">
  <testcase classname="tests.Ddtest" name="testPostUser" time="3.704"/>
  <system-out/>
  <testcase classname="tests.Ddtest" name="testPostUser" time="1.637"/>
  <system-out/>
</testsuite> <!-- tests.Ddtest -->
