<?xml version="1.0" encoding="UTF-8"?>
<!-- Generated by org.testng.reporters.JUnitReportReporter -->
<testsuite hostname="LAPTOP-E8M4K11U" failures="0" tests="4" name="tests.Usertest" time="14.174" errors="0" timestamp="2023-05-03T01:52:01 IST" skipped="0">
  <testcase classname="tests.Usertest" name="testPostUser" time="4.822"/>
  <system-out/>
  <testcase classname="tests.Usertest" name="testGetUser" time="1.999"/>
  <system-out/>
  <testcase classname="tests.Usertest" name="testUpdateUser" time="5.413"/>
  <system-out/>
  <testcase classname="tests.Usertest" name="testDeleteUser" time="1.940"/>
  <system-out/>
</testsuite> <!-- tests.Usertest -->
